<?xml version="1.0" encoding="UTF-8"?>
<testng-results ignored="2" total="3" passed="1" failed="0" skipped="0">
  <reporter-output>
  </reporter-output>
  <suite started-at="2023-01-10T13:31:21 EET" name="All Test Suite" finished-at="2023-01-10T13:31:28 EET" duration-ms="6753">
    <groups>
      <group name="ErrorHandling">
        <method signature="ErrorValidationsTest.submitOrder()[pri:0, instance:tests.ErrorValidationsTest@5505ae1a]" name="submitOrder" class="tests.ErrorValidationsTest"/>
      </group> <!-- ErrorHandling -->
    </groups>
    <test started-at="2023-01-10T13:31:21 EET" name="Submit Order Test" finished-at="2023-01-10T13:31:21 EET" duration-ms="23">
    </test> <!-- Submit Order Test -->
    <test started-at="2023-01-10T13:31:21 EET" name="Error Validation" finished-at="2023-01-10T13:31:28 EET" duration-ms="6753">
      <class name="tests.ErrorValidationsTest">
        <test-method is-config="true" signature="launchApplication()[pri:0, instance:tests.ErrorValidationsTest@5505ae1a]" started-at="2023-01-10T13:31:21 EET" name="launchApplication" finished-at="2023-01-10T13:31:27 EET" duration-ms="5959" status="PASS">
          <reporter-output>
          </reporter-output>
        </test-method> <!-- launchApplication -->
        <test-method signature="submitOrder()[pri:0, instance:tests.ErrorValidationsTest@5505ae1a]" started-at="2023-01-10T13:31:27 EET" name="submitOrder" finished-at="2023-01-10T13:31:28 EET" duration-ms="732" status="PASS">
          <reporter-output>
          </reporter-output>
        </test-method> <!-- submitOrder -->
      </class> <!-- tests.ErrorValidationsTest -->
    </test> <!-- Error Validation -->
  </suite> <!-- All Test Suite -->
</testng-results>
